# JRE version: Java(TM) SE Runtime Environment (7.0_80-b15) (build 1.7.0_80-b15)
# Java VM: Java HotSpot(TM) Client VM (24.80-b11 mixed mode windows-x86 )
Heap
 def new generation   total 13248K, used 11840K [0x03e00000, 0x04c50000, 0x19350000)
  eden space 11840K, 100% used [0x03e00000, 0x04990000, 0x04990000)
  from space 1408K,   0% used [0x04990000, 0x04990000, 0x04af0000)
  to   space 1408K, 100% used [0x04af0000, 0x04c50000, 0x04c50000)
 tenured generation   total 32764K, used 32763K [0x19350000, 0x1b350000, 0x43e00000)
   the space 32764K,  99% used [0x19350000, 0x1b34ef40, 0x1b34f000, 0x1b34f000)
 compacting perm gen  total 12288K, used 3294K [0x43e00000, 0x44a00000, 0x47e00000)
   the space 12288K,  26% used [0x43e00000, 0x44137880, 0x44137a00, 0x44a00000)
GC Heap History (10 events):
Event: 3.114 GC heap after
Heap after GC invocations=20 (full 5):
 def new generation   total 4928K, used 441K [0x03e00000, 0x04350000, 0x19350000)
  eden space 4416K,  10% used [0x03e00000, 0x03e6e6a0, 0x04250000)
  from space 512K,   0% used [0x04250000, 0x04250000, 0x042d0000)
  to   space 512K,   0% used [0x042d0000, 0x042d0000, 0x04350000)
 tenured generation   total 23032K, used 23031K [0x19350000, 0x1a9ce000, 0x43e00000)
   the space 23032K,  99% used [0x19350000, 0x1a9cdff8, 0x1a9ce000, 0x1a9ce000)
 compacting perm gen  total 12288K, used 3293K [0x43e00000, 0x44a00000, 0x47e00000)
   the space 12288K,  26% used [0x43e00000, 0x441377f0, 0x44137800, 0x44a00000)
No shared spaces configured.
}
Event: 3.127 GC heap before
{Heap before GC invocations=20 (full 5):
 def new generation   total 4928K, used 4416K [0x03e00000, 0x04350000, 0x19350000)
  eden space 4416K, 100% used [0x03e00000, 0x04250000, 0x04250000)
  from space 512K,   0% used [0x04250000, 0x04250000, 0x042d0000)
  to   space 512K,   0% used [0x042d0000, 0x042d0000, 0x04350000)
 tenured generation   total 23032K, used 23031K [0x19350000, 0x1a9ce000, 0x43e00000)
   the space 23032K,  99% used [0x19350000, 0x1a9cdff8, 0x1a9ce000, 0x1a9ce000)
 compacting perm gen  total 12288K, used 3294K [0x43e00000, 0x44a00000, 0x47e00000)
   the space 12288K,  26% used [0x43e00000, 0x44137890, 0x44137a00, 0x44a00000)
No shared spaces configured.
Event: 3.259 GC heap after
Heap after GC invocations=21 (full 6):
 def new generation   total 4928K, used 1342K [0x03e00000, 0x04350000, 0x19350000)
  eden space 4416K,  30% used [0x03e00000, 0x03f4fad8, 0x04250000)
  from space 512K,   0% used [0x042d0000, 0x042d0000, 0x04350000)
  to   space 512K,   0% used [0x04250000, 0x04250000, 0x042d0000)
 tenured generation   total 23688K, used 23687K [0x19350000, 0x1aa72000, 0x43e00000)
   the space 23688K,  99% used [0x19350000, 0x1aa71ff8, 0x1aa72000, 0x1aa72000)
 compacting perm gen  total 12288K, used 3294K [0x43e00000, 0x44a00000, 0x47e00000)
   the space 12288K,  26% used [0x43e00000, 0x44137890, 0x44137a00, 0x44a00000)
No shared spaces configured.
}
Event: 3.268 GC heap before
{Heap before GC invocations=21 (full 6):
 def new generation   total 4928K, used 4416K [0x03e00000, 0x04350000, 0x19350000)
  eden space 4416K, 100% used [0x03e00000, 0x04250000, 0x04250000)
  from space 512K,   0% used [0x042d0000, 0x042d0000, 0x04350000)
  to   space 512K,   0% used [0x04250000, 0x04250000, 0x042d0000)
 tenured generation   total 23688K, used 23687K [0x19350000, 0x1aa72000, 0x43e00000)
   the space 23688K,  99% used [0x19350000, 0x1aa71ff8, 0x1aa72000, 0x1aa72000)
 compacting perm gen  total 12288K, used 3294K [0x43e00000, 0x44a00000, 0x47e00000)
   the space 12288K,  26% used [0x43e00000, 0x44137890, 0x44137a00, 0x44a00000)
No shared spaces configured.
Event: 3.466 GC heap after
Heap after GC invocations=22 (full 7):
 def new generation   total 10816K, used 1711K [0x03e00000, 0x049b0000, 0x19350000)
  eden space 9664K,  17% used [0x03e00000, 0x03fabf18, 0x04770000)
  from space 1152K,   0% used [0x04770000, 0x04770000, 0x04890000)
  to   space 1152K,   0% used [0x04890000, 0x04890000, 0x049b0000)
 tenured generation   total 23828K, used 23827K [0x19350000, 0x1aa95000, 0x43e00000)
   the space 23828K,  99% used [0x19350000, 0x1aa94fe8, 0x1aa95000, 0x1aa95000)
 compacting perm gen  total 12288K, used 3294K [0x43e00000, 0x44a00000, 0x47e00000)
   the space 12288K,  26% used [0x43e00000, 0x44137890, 0x44137a00, 0x44a00000)
No shared spaces configured.
}
Event: 3.489 GC heap before
{Heap before GC invocations=22 (full 7):
 def new generation   total 10816K, used 9664K [0x03e00000, 0x049b0000, 0x19350000)
  eden space 9664K, 100% used [0x03e00000, 0x04770000, 0x04770000)
  from space 1152K,   0% used [0x04770000, 0x04770000, 0x04890000)
  to   space 1152K,   0% used [0x04890000, 0x04890000, 0x049b0000)
 tenured generation   total 23828K, used 23827K [0x19350000, 0x1aa95000, 0x43e00000)
   the space 23828K,  99% used [0x19350000, 0x1aa94fe8, 0x1aa95000, 0x1aa95000)
 compacting perm gen  total 12288K, used 3294K [0x43e00000, 0x44a00000, 0x47e00000)
   the space 12288K,  26% used [0x43e00000, 0x44137890, 0x44137a00, 0x44a00000)
No shared spaces configured.
Event: 3.566 GC heap after
Heap after GC invocations=23 (full 8):
 def new generation   total 12032K, used 0K [0x03e00000, 0x04b00000, 0x19350000)
  eden space 10752K,   0% used [0x03e00000, 0x03e00000, 0x04880000)
  from space 1280K,   0% used [0x04880000, 0x04880000, 0x049c0000)
  to   space 1280K,   0% used [0x049c0000, 0x049c0000, 0x04b00000)
 tenured generation   total 26516K, used 25295K [0x19350000, 0x1ad35000, 0x43e00000)
   the space 26516K,  95% used [0x19350000, 0x1ac03df8, 0x1ac03e00, 0x1ad35000)
 compacting perm gen  total 12288K, used 3294K [0x43e00000, 0x44a00000, 0x47e00000)
   the space 12288K,  26% used [0x43e00000, 0x44137880, 0x44137a00, 0x44a00000)
No shared spaces configured.
}
Event: 3.593 GC heap before
{Heap before GC invocations=23 (full 8):
 def new generation   total 12032K, used 10752K [0x03e00000, 0x04b00000, 0x19350000)
  eden space 10752K, 100% used [0x03e00000, 0x04880000, 0x04880000)
  from space 1280K,   0% used [0x04880000, 0x04880000, 0x049c0000)
  to   space 1280K,   0% used [0x049c0000, 0x049c0000, 0x04b00000)
 tenured generation   total 26516K, used 25295K [0x19350000, 0x1ad35000, 0x43e00000)
   the space 26516K,  95% used [0x19350000, 0x1ac03df8, 0x1ac03e00, 0x1ad35000)
 compacting perm gen  total 12288K, used 3294K [0x43e00000, 0x44a00000, 0x47e00000)
   the space 12288K,  26% used [0x43e00000, 0x44137880, 0x44137a00, 0x44a00000)
No shared spaces configured.
Event: 3.662 GC heap after
Heap after GC invocations=24 (full 9):
 def new generation   total 13248K, used 347K [0x03e00000, 0x04c50000, 0x19350000)
  eden space 11840K,   2% used [0x03e00000, 0x03e56f28, 0x04990000)
  from space 1408K,   0% used [0x04990000, 0x04990000, 0x04af0000)
  to   space 1408K,   0% used [0x04af0000, 0x04af0000, 0x04c50000)
 tenured generation   total 29204K, used 29179K [0x19350000, 0x1afd5000, 0x43e00000)
   the space 29204K,  99% used [0x19350000, 0x1afcefd0, 0x1afcf000, 0x1afd5000)
 compacting perm gen  total 12288K, used 3294K [0x43e00000, 0x44a00000, 0x47e00000)
   the space 12288K,  26% used [0x43e00000, 0x44137880, 0x44137a00, 0x44a00000)
No shared spaces configured.
}
Event: 3.672 GC heap before
{Heap before GC invocations=24 (full 9):
 def new generation   total 13248K, used 11840K [0x03e00000, 0x04c50000, 0x19350000)
  eden space 11840K, 100% used [0x03e00000, 0x04990000, 0x04990000)
  from space 1408K,   0% used [0x04990000, 0x04990000, 0x04af0000)
  to   space 1408K,   0% used [0x04af0000, 0x04af0000, 0x04c50000)
 tenured generation   total 29204K, used 29179K [0x19350000, 0x1afd5000, 0x43e00000)
   the space 29204K,  99% used [0x19350000, 0x1afcefd0, 0x1afcf000, 0x1afd5000)
 compacting perm gen  total 12288K, used 3294K [0x43e00000, 0x44a00000, 0x47e00000)
   the space 12288K,  26% used [0x43e00000, 0x44137880, 0x44137a00, 0x44a00000)
No shared spaces configured.

